[2023-01-05 03:33:28,533] {taskinstance.py:1159} INFO - Dependencies all met for <TaskInstance: btc_data_pipeline_dag.download_stock_data_from_datalake_task scheduled__2023-01-03T22:30:00+00:00 [queued]>
[2023-01-05 03:33:28,543] {taskinstance.py:1159} INFO - Dependencies all met for <TaskInstance: btc_data_pipeline_dag.download_stock_data_from_datalake_task scheduled__2023-01-03T22:30:00+00:00 [queued]>
[2023-01-05 03:33:28,543] {taskinstance.py:1356} INFO - 
--------------------------------------------------------------------------------
[2023-01-05 03:33:28,543] {taskinstance.py:1357} INFO - Starting attempt 1 of 1
[2023-01-05 03:33:28,543] {taskinstance.py:1358} INFO - 
--------------------------------------------------------------------------------
[2023-01-05 03:33:28,558] {taskinstance.py:1377} INFO - Executing <Task(PythonOperator): download_stock_data_from_datalake_task> on 2023-01-03 22:30:00+00:00
[2023-01-05 03:33:28,565] {standard_task_runner.py:52} INFO - Started process 1836 to run task
[2023-01-05 03:33:28,570] {standard_task_runner.py:79} INFO - Running: ['***', 'tasks', 'run', 'btc_data_pipeline_dag', 'download_stock_data_from_datalake_task', 'scheduled__2023-01-03T22:30:00+00:00', '--job-id', '49', '--raw', '--subdir', 'DAGS_FOLDER/btc_data_pipeline_dag.py', '--cfg-path', '/tmp/tmpxi_rih6a', '--error-file', '/tmp/tmp0ynheelt']
[2023-01-05 03:33:28,572] {standard_task_runner.py:80} INFO - Job 49: Subtask download_stock_data_from_datalake_task
[2023-01-05 03:33:28,640] {task_command.py:370} INFO - Running <TaskInstance: btc_data_pipeline_dag.download_stock_data_from_datalake_task scheduled__2023-01-03T22:30:00+00:00 [running]> on host 94450fd8b415
[2023-01-05 03:33:28,714] {taskinstance.py:1569} INFO - Exporting the following env vars:
AIRFLOW_CTX_DAG_OWNER=***
AIRFLOW_CTX_DAG_ID=btc_data_pipeline_dag
AIRFLOW_CTX_TASK_ID=download_stock_data_from_datalake_task
AIRFLOW_CTX_EXECUTION_DATE=2023-01-03T22:30:00+00:00
AIRFLOW_CTX_TRY_NUMBER=1
AIRFLOW_CTX_DAG_RUN_ID=scheduled__2023-01-03T22:30:00+00:00
[2023-01-05 03:33:29,971] {python.py:173} INFO - Done. Returned value was: None
[2023-01-05 03:33:29,987] {taskinstance.py:1395} INFO - Marking task as SUCCESS. dag_id=btc_data_pipeline_dag, task_id=download_stock_data_from_datalake_task, execution_date=20230103T223000, start_date=20230105T033328, end_date=20230105T033329
[2023-01-05 03:33:30,028] {local_task_job.py:156} INFO - Task exited with return code 0
