[2023-01-05 00:14:29,221] {taskinstance.py:1159} INFO - Dependencies all met for <TaskInstance: stock_data_pipeline_dag.submit_dataproc_spark_job_task scheduled__2023-01-04T00:00:00+00:00 [queued]>
[2023-01-05 00:14:29,230] {taskinstance.py:1159} INFO - Dependencies all met for <TaskInstance: stock_data_pipeline_dag.submit_dataproc_spark_job_task scheduled__2023-01-04T00:00:00+00:00 [queued]>
[2023-01-05 00:14:29,230] {taskinstance.py:1356} INFO - 
--------------------------------------------------------------------------------
[2023-01-05 00:14:29,230] {taskinstance.py:1357} INFO - Starting attempt 1 of 1
[2023-01-05 00:14:29,230] {taskinstance.py:1358} INFO - 
--------------------------------------------------------------------------------
[2023-01-05 00:14:29,241] {taskinstance.py:1377} INFO - Executing <Task(DataprocSubmitPySparkJobOperator): submit_dataproc_spark_job_task> on 2023-01-04 00:00:00+00:00
[2023-01-05 00:14:29,249] {standard_task_runner.py:52} INFO - Started process 1656 to run task
[2023-01-05 00:14:29,254] {standard_task_runner.py:79} INFO - Running: ['***', 'tasks', 'run', 'stock_data_pipeline_dag', 'submit_dataproc_spark_job_task', 'scheduled__2023-01-04T00:00:00+00:00', '--job-id', '38', '--raw', '--subdir', 'DAGS_FOLDER/stock_data_pipeline_dag.py', '--cfg-path', '/tmp/tmpgvge0fi8', '--error-file', '/tmp/tmpdqqbm2ay']
[2023-01-05 00:14:29,255] {standard_task_runner.py:80} INFO - Job 38: Subtask submit_dataproc_spark_job_task
[2023-01-05 00:14:29,321] {task_command.py:370} INFO - Running <TaskInstance: stock_data_pipeline_dag.submit_dataproc_spark_job_task scheduled__2023-01-04T00:00:00+00:00 [running]> on host 2302f2c95f83
[2023-01-05 00:14:29,388] {taskinstance.py:1569} INFO - Exporting the following env vars:
AIRFLOW_CTX_DAG_OWNER=***
AIRFLOW_CTX_DAG_ID=stock_data_pipeline_dag
AIRFLOW_CTX_TASK_ID=submit_dataproc_spark_job_task
AIRFLOW_CTX_EXECUTION_DATE=2023-01-04T00:00:00+00:00
AIRFLOW_CTX_TRY_NUMBER=1
AIRFLOW_CTX_DAG_RUN_ID=scheduled__2023-01-04T00:00:00+00:00
[2023-01-05 00:14:29,390] {dataproc.py:950} INFO - Submitting pyspark_job job submit_dataproc_spark_job_task_20230104_1e04707a
[2023-01-05 00:14:29,597] {dataproc.py:955} INFO - Job submit_dataproc_spark_job_task_20230104_1e04707a submitted successfully.
[2023-01-05 00:14:29,610] {dataproc.py:962} INFO - Waiting for job submit_dataproc_spark_job_task_20230104_1e04707a to complete
[2023-01-05 00:52:37,853] {dataproc.py:964} INFO - Job submit_dataproc_spark_job_task_20230104_1e04707a completed successfully.
[2023-01-05 00:52:37,868] {taskinstance.py:1395} INFO - Marking task as SUCCESS. dag_id=stock_data_pipeline_dag, task_id=submit_dataproc_spark_job_task, execution_date=20230104T000000, start_date=20230105T001429, end_date=20230105T005237
[2023-01-05 00:52:37,912] {local_task_job.py:156} INFO - Task exited with return code 0
