[2023-01-04 22:50:04,748] {taskinstance.py:1159} INFO - Dependencies all met for <TaskInstance: stock_data_pipeline_dag.submit_dataproc_spark_job_task manual__2023-01-04T22:46:31.216749+00:00 [queued]>
[2023-01-04 22:50:04,759] {taskinstance.py:1159} INFO - Dependencies all met for <TaskInstance: stock_data_pipeline_dag.submit_dataproc_spark_job_task manual__2023-01-04T22:46:31.216749+00:00 [queued]>
[2023-01-04 22:50:04,759] {taskinstance.py:1356} INFO - 
--------------------------------------------------------------------------------
[2023-01-04 22:50:04,760] {taskinstance.py:1357} INFO - Starting attempt 1 of 1
[2023-01-04 22:50:04,760] {taskinstance.py:1358} INFO - 
--------------------------------------------------------------------------------
[2023-01-04 22:50:04,772] {taskinstance.py:1377} INFO - Executing <Task(DataprocSubmitPySparkJobOperator): submit_dataproc_spark_job_task> on 2023-01-04 22:46:31.216749+00:00
[2023-01-04 22:50:04,781] {standard_task_runner.py:52} INFO - Started process 4905 to run task
[2023-01-04 22:50:04,785] {standard_task_runner.py:79} INFO - Running: ['***', 'tasks', 'run', 'stock_data_pipeline_dag', 'submit_dataproc_spark_job_task', 'manual__2023-01-04T22:46:31.216749+00:00', '--job-id', '28', '--raw', '--subdir', 'DAGS_FOLDER/stock_data_pipeline_dag.py', '--cfg-path', '/tmp/tmpujitopro', '--error-file', '/tmp/tmpwti6kizu']
[2023-01-04 22:50:04,787] {standard_task_runner.py:80} INFO - Job 28: Subtask submit_dataproc_spark_job_task
[2023-01-04 22:50:04,846] {task_command.py:370} INFO - Running <TaskInstance: stock_data_pipeline_dag.submit_dataproc_spark_job_task manual__2023-01-04T22:46:31.216749+00:00 [running]> on host e35cd2348433
[2023-01-04 22:50:04,916] {taskinstance.py:1569} INFO - Exporting the following env vars:
AIRFLOW_CTX_DAG_OWNER=***
AIRFLOW_CTX_DAG_ID=stock_data_pipeline_dag
AIRFLOW_CTX_TASK_ID=submit_dataproc_spark_job_task
AIRFLOW_CTX_EXECUTION_DATE=2023-01-04T22:46:31.216749+00:00
AIRFLOW_CTX_TRY_NUMBER=1
AIRFLOW_CTX_DAG_RUN_ID=manual__2023-01-04T22:46:31.216749+00:00
[2023-01-04 22:50:04,918] {dataproc.py:950} INFO - Submitting pyspark_job job submit_dataproc_spark_job_task_20230104_7e82555b
[2023-01-04 22:50:05,088] {dataproc.py:955} INFO - Job submit_dataproc_spark_job_task_20230104_7e82555b submitted successfully.
[2023-01-04 22:50:05,104] {dataproc.py:962} INFO - Waiting for job submit_dataproc_spark_job_task_20230104_7e82555b to complete
[2023-01-04 23:29:33,400] {dataproc.py:964} INFO - Job submit_dataproc_spark_job_task_20230104_7e82555b completed successfully.
[2023-01-04 23:29:33,416] {taskinstance.py:1395} INFO - Marking task as SUCCESS. dag_id=stock_data_pipeline_dag, task_id=submit_dataproc_spark_job_task, execution_date=20230104T224631, start_date=20230104T225004, end_date=20230104T232933
[2023-01-04 23:29:33,466] {local_task_job.py:156} INFO - Task exited with return code 0
