[2023-01-05 03:43:17,274] {taskinstance.py:1159} INFO - Dependencies all met for <TaskInstance: btc_data_pipeline_dag.delete_cluster_dataproc_task manual__2023-01-05T03:39:47.967706+00:00 [queued]>
[2023-01-05 03:43:17,289] {taskinstance.py:1159} INFO - Dependencies all met for <TaskInstance: btc_data_pipeline_dag.delete_cluster_dataproc_task manual__2023-01-05T03:39:47.967706+00:00 [queued]>
[2023-01-05 03:43:17,290] {taskinstance.py:1356} INFO - 
--------------------------------------------------------------------------------
[2023-01-05 03:43:17,290] {taskinstance.py:1357} INFO - Starting attempt 1 of 1
[2023-01-05 03:43:17,290] {taskinstance.py:1358} INFO - 
--------------------------------------------------------------------------------
[2023-01-05 03:43:17,311] {taskinstance.py:1377} INFO - Executing <Task(DataprocDeleteClusterOperator): delete_cluster_dataproc_task> on 2023-01-05 03:39:47.967706+00:00
[2023-01-05 03:43:17,321] {standard_task_runner.py:52} INFO - Started process 2285 to run task
[2023-01-05 03:43:17,336] {standard_task_runner.py:79} INFO - Running: ['***', 'tasks', 'run', 'btc_data_pipeline_dag', 'delete_cluster_dataproc_task', 'manual__2023-01-05T03:39:47.967706+00:00', '--job-id', '56', '--raw', '--subdir', 'DAGS_FOLDER/btc_data_pipeline_dag.py', '--cfg-path', '/tmp/tmpwzb0mpnx', '--error-file', '/tmp/tmpbkyc9qf_']
[2023-01-05 03:43:17,338] {standard_task_runner.py:80} INFO - Job 56: Subtask delete_cluster_dataproc_task
[2023-01-05 03:43:17,434] {task_command.py:370} INFO - Running <TaskInstance: btc_data_pipeline_dag.delete_cluster_dataproc_task manual__2023-01-05T03:39:47.967706+00:00 [running]> on host 94450fd8b415
[2023-01-05 03:43:17,564] {taskinstance.py:1569} INFO - Exporting the following env vars:
AIRFLOW_CTX_DAG_OWNER=***
AIRFLOW_CTX_DAG_ID=btc_data_pipeline_dag
AIRFLOW_CTX_TASK_ID=delete_cluster_dataproc_task
AIRFLOW_CTX_EXECUTION_DATE=2023-01-05T03:39:47.967706+00:00
AIRFLOW_CTX_TRY_NUMBER=1
AIRFLOW_CTX_DAG_RUN_ID=manual__2023-01-05T03:39:47.967706+00:00
[2023-01-05 03:43:17,567] {base.py:68} INFO - Using connection ID 'google_cloud_default' for task execution.
[2023-01-05 03:43:17,567] {dataproc.py:816} INFO - Deleting cluster: move-btc-data
[2023-01-05 03:43:59,103] {dataproc.py:828} INFO - Cluster deleted.
[2023-01-05 03:43:59,123] {taskinstance.py:1395} INFO - Marking task as SUCCESS. dag_id=btc_data_pipeline_dag, task_id=delete_cluster_dataproc_task, execution_date=20230105T033947, start_date=20230105T034317, end_date=20230105T034359
[2023-01-05 03:43:59,155] {local_task_job.py:156} INFO - Task exited with return code 0
[2023-01-05 03:43:59,185] {local_task_job.py:273} INFO - 0 downstream tasks scheduled from follow-on schedule check
