[2023-01-04 23:38:10,141] {taskinstance.py:1159} INFO - Dependencies all met for <TaskInstance: stock_data_pipeline_dag.download_stock_data_from_datalake_task manual__2023-01-04T23:38:06.495566+00:00 [queued]>
[2023-01-04 23:38:10,150] {taskinstance.py:1159} INFO - Dependencies all met for <TaskInstance: stock_data_pipeline_dag.download_stock_data_from_datalake_task manual__2023-01-04T23:38:06.495566+00:00 [queued]>
[2023-01-04 23:38:10,150] {taskinstance.py:1356} INFO - 
--------------------------------------------------------------------------------
[2023-01-04 23:38:10,150] {taskinstance.py:1357} INFO - Starting attempt 1 of 1
[2023-01-04 23:38:10,150] {taskinstance.py:1358} INFO - 
--------------------------------------------------------------------------------
[2023-01-04 23:38:10,161] {taskinstance.py:1377} INFO - Executing <Task(PythonOperator): download_stock_data_from_datalake_task> on 2023-01-04 23:38:06.495566+00:00
[2023-01-04 23:38:10,169] {standard_task_runner.py:52} INFO - Started process 76 to run task
[2023-01-04 23:38:10,175] {standard_task_runner.py:79} INFO - Running: ['***', 'tasks', 'run', 'stock_data_pipeline_dag', 'download_stock_data_from_datalake_task', 'manual__2023-01-04T23:38:06.495566+00:00', '--job-id', '32', '--raw', '--subdir', 'DAGS_FOLDER/stock_data_pipeline_dag.py', '--cfg-path', '/tmp/tmpkdwrw10e', '--error-file', '/tmp/tmp7xg846ou']
[2023-01-04 23:38:10,176] {standard_task_runner.py:80} INFO - Job 32: Subtask download_stock_data_from_datalake_task
[2023-01-04 23:38:10,252] {task_command.py:370} INFO - Running <TaskInstance: stock_data_pipeline_dag.download_stock_data_from_datalake_task manual__2023-01-04T23:38:06.495566+00:00 [running]> on host 2302f2c95f83
[2023-01-04 23:38:10,330] {taskinstance.py:1569} INFO - Exporting the following env vars:
AIRFLOW_CTX_DAG_OWNER=***
AIRFLOW_CTX_DAG_ID=stock_data_pipeline_dag
AIRFLOW_CTX_TASK_ID=download_stock_data_from_datalake_task
AIRFLOW_CTX_EXECUTION_DATE=2023-01-04T23:38:06.495566+00:00
AIRFLOW_CTX_TRY_NUMBER=1
AIRFLOW_CTX_DAG_RUN_ID=manual__2023-01-04T23:38:06.495566+00:00
[2023-01-04 23:48:36,640] {python.py:173} INFO - Done. Returned value was: None
[2023-01-04 23:48:36,662] {taskinstance.py:1395} INFO - Marking task as SUCCESS. dag_id=stock_data_pipeline_dag, task_id=download_stock_data_from_datalake_task, execution_date=20230104T233806, start_date=20230104T233810, end_date=20230104T234836
[2023-01-04 23:48:36,703] {local_task_job.py:156} INFO - Task exited with return code 0
