[2023-01-06 22:58:06,458] {taskinstance.py:1159} INFO - Dependencies all met for <TaskInstance: btc_data_pipeline_dag.submit_dataproc_spark_job_task scheduled__2023-01-05T22:55:00+00:00 [queued]>
[2023-01-06 22:58:06,466] {taskinstance.py:1159} INFO - Dependencies all met for <TaskInstance: btc_data_pipeline_dag.submit_dataproc_spark_job_task scheduled__2023-01-05T22:55:00+00:00 [queued]>
[2023-01-06 22:58:06,466] {taskinstance.py:1356} INFO - 
--------------------------------------------------------------------------------
[2023-01-06 22:58:06,466] {taskinstance.py:1357} INFO - Starting attempt 1 of 1
[2023-01-06 22:58:06,466] {taskinstance.py:1358} INFO - 
--------------------------------------------------------------------------------
[2023-01-06 22:58:06,477] {taskinstance.py:1377} INFO - Executing <Task(DataprocSubmitPySparkJobOperator): submit_dataproc_spark_job_task> on 2023-01-05 22:55:00+00:00
[2023-01-06 22:58:06,484] {standard_task_runner.py:52} INFO - Started process 3267 to run task
[2023-01-06 22:58:06,489] {standard_task_runner.py:79} INFO - Running: ['***', 'tasks', 'run', 'btc_data_pipeline_dag', 'submit_dataproc_spark_job_task', 'scheduled__2023-01-05T22:55:00+00:00', '--job-id', '84', '--raw', '--subdir', 'DAGS_FOLDER/btc_data_pipeline_dag.py', '--cfg-path', '/tmp/tmp9o8fk9kc', '--error-file', '/tmp/tmpjnhtxfl3']
[2023-01-06 22:58:06,490] {standard_task_runner.py:80} INFO - Job 84: Subtask submit_dataproc_spark_job_task
[2023-01-06 22:58:06,550] {task_command.py:370} INFO - Running <TaskInstance: btc_data_pipeline_dag.submit_dataproc_spark_job_task scheduled__2023-01-05T22:55:00+00:00 [running]> on host 60ad85e83037
[2023-01-06 22:58:06,640] {taskinstance.py:1569} INFO - Exporting the following env vars:
AIRFLOW_CTX_DAG_OWNER=***
AIRFLOW_CTX_DAG_ID=btc_data_pipeline_dag
AIRFLOW_CTX_TASK_ID=submit_dataproc_spark_job_task
AIRFLOW_CTX_EXECUTION_DATE=2023-01-05T22:55:00+00:00
AIRFLOW_CTX_TRY_NUMBER=1
AIRFLOW_CTX_DAG_RUN_ID=scheduled__2023-01-05T22:55:00+00:00
[2023-01-06 22:58:06,644] {dataproc.py:950} INFO - Submitting pyspark_job job submit_dataproc_spark_job_task_20230105_6a786e12
[2023-01-06 22:58:06,889] {dataproc.py:955} INFO - Job submit_dataproc_spark_job_task_20230105_6a786e12 submitted successfully.
[2023-01-06 22:58:06,906] {dataproc.py:962} INFO - Waiting for job submit_dataproc_spark_job_task_20230105_6a786e12 to complete
[2023-01-06 22:58:57,839] {dataproc.py:964} INFO - Job submit_dataproc_spark_job_task_20230105_6a786e12 completed successfully.
[2023-01-06 22:58:57,852] {taskinstance.py:1395} INFO - Marking task as SUCCESS. dag_id=btc_data_pipeline_dag, task_id=submit_dataproc_spark_job_task, execution_date=20230105T225500, start_date=20230106T225806, end_date=20230106T225857
[2023-01-06 22:58:57,879] {local_task_job.py:156} INFO - Task exited with return code 0
