[2023-01-07 23:15:49,124] {taskinstance.py:1159} INFO - Dependencies all met for <TaskInstance: btc_data_pipeline_dag.delete_cluster_dataproc_task manual__2023-01-07T23:11:48.162146+00:00 [queued]>
[2023-01-07 23:15:49,133] {taskinstance.py:1159} INFO - Dependencies all met for <TaskInstance: btc_data_pipeline_dag.delete_cluster_dataproc_task manual__2023-01-07T23:11:48.162146+00:00 [queued]>
[2023-01-07 23:15:49,133] {taskinstance.py:1356} INFO - 
--------------------------------------------------------------------------------
[2023-01-07 23:15:49,133] {taskinstance.py:1357} INFO - Starting attempt 1 of 1
[2023-01-07 23:15:49,133] {taskinstance.py:1358} INFO - 
--------------------------------------------------------------------------------
[2023-01-07 23:15:49,145] {taskinstance.py:1377} INFO - Executing <Task(DataprocDeleteClusterOperator): delete_cluster_dataproc_task> on 2023-01-07 23:11:48.162146+00:00
[2023-01-07 23:15:49,153] {standard_task_runner.py:52} INFO - Started process 3889 to run task
[2023-01-07 23:15:49,157] {standard_task_runner.py:79} INFO - Running: ['***', 'tasks', 'run', 'btc_data_pipeline_dag', 'delete_cluster_dataproc_task', 'manual__2023-01-07T23:11:48.162146+00:00', '--job-id', '117', '--raw', '--subdir', 'DAGS_FOLDER/btc_data_pipeline_dag.py', '--cfg-path', '/tmp/tmpd6dqevk3', '--error-file', '/tmp/tmph_gagmv9']
[2023-01-07 23:15:49,159] {standard_task_runner.py:80} INFO - Job 117: Subtask delete_cluster_dataproc_task
[2023-01-07 23:15:49,220] {task_command.py:370} INFO - Running <TaskInstance: btc_data_pipeline_dag.delete_cluster_dataproc_task manual__2023-01-07T23:11:48.162146+00:00 [running]> on host 48dd7f56541e
[2023-01-07 23:15:49,296] {taskinstance.py:1569} INFO - Exporting the following env vars:
AIRFLOW_CTX_DAG_OWNER=***
AIRFLOW_CTX_DAG_ID=btc_data_pipeline_dag
AIRFLOW_CTX_TASK_ID=delete_cluster_dataproc_task
AIRFLOW_CTX_EXECUTION_DATE=2023-01-07T23:11:48.162146+00:00
AIRFLOW_CTX_TRY_NUMBER=1
AIRFLOW_CTX_DAG_RUN_ID=manual__2023-01-07T23:11:48.162146+00:00
[2023-01-07 23:15:49,298] {base.py:68} INFO - Using connection ID 'google_cloud_default' for task execution.
[2023-01-07 23:15:49,299] {dataproc.py:816} INFO - Deleting cluster: move-btc-data
[2023-01-07 23:16:36,495] {dataproc.py:828} INFO - Cluster deleted.
[2023-01-07 23:16:36,513] {taskinstance.py:1395} INFO - Marking task as SUCCESS. dag_id=btc_data_pipeline_dag, task_id=delete_cluster_dataproc_task, execution_date=20230107T231148, start_date=20230107T231549, end_date=20230107T231636
[2023-01-07 23:16:36,537] {local_task_job.py:156} INFO - Task exited with return code 0
