[2023-01-05 03:36:47,117] {taskinstance.py:1159} INFO - Dependencies all met for <TaskInstance: btc_data_pipeline_dag.submit_dataproc_spark_job_task scheduled__2023-01-03T22:30:00+00:00 [queued]>
[2023-01-05 03:36:47,131] {taskinstance.py:1159} INFO - Dependencies all met for <TaskInstance: btc_data_pipeline_dag.submit_dataproc_spark_job_task scheduled__2023-01-03T22:30:00+00:00 [queued]>
[2023-01-05 03:36:47,131] {taskinstance.py:1356} INFO - 
--------------------------------------------------------------------------------
[2023-01-05 03:36:47,131] {taskinstance.py:1357} INFO - Starting attempt 1 of 1
[2023-01-05 03:36:47,132] {taskinstance.py:1358} INFO - 
--------------------------------------------------------------------------------
[2023-01-05 03:36:47,150] {taskinstance.py:1377} INFO - Executing <Task(DataprocSubmitPySparkJobOperator): submit_dataproc_spark_job_task> on 2023-01-03 22:30:00+00:00
[2023-01-05 03:36:47,158] {standard_task_runner.py:52} INFO - Started process 1976 to run task
[2023-01-05 03:36:47,163] {standard_task_runner.py:79} INFO - Running: ['***', 'tasks', 'run', 'btc_data_pipeline_dag', 'submit_dataproc_spark_job_task', 'scheduled__2023-01-03T22:30:00+00:00', '--job-id', '51', '--raw', '--subdir', 'DAGS_FOLDER/btc_data_pipeline_dag.py', '--cfg-path', '/tmp/tmpowqcjeiq', '--error-file', '/tmp/tmpl5a930a5']
[2023-01-05 03:36:47,165] {standard_task_runner.py:80} INFO - Job 51: Subtask submit_dataproc_spark_job_task
[2023-01-05 03:36:47,231] {task_command.py:370} INFO - Running <TaskInstance: btc_data_pipeline_dag.submit_dataproc_spark_job_task scheduled__2023-01-03T22:30:00+00:00 [running]> on host 94450fd8b415
[2023-01-05 03:36:47,310] {taskinstance.py:1569} INFO - Exporting the following env vars:
AIRFLOW_CTX_DAG_OWNER=***
AIRFLOW_CTX_DAG_ID=btc_data_pipeline_dag
AIRFLOW_CTX_TASK_ID=submit_dataproc_spark_job_task
AIRFLOW_CTX_EXECUTION_DATE=2023-01-03T22:30:00+00:00
AIRFLOW_CTX_TRY_NUMBER=1
AIRFLOW_CTX_DAG_RUN_ID=scheduled__2023-01-03T22:30:00+00:00
[2023-01-05 03:36:47,312] {dataproc.py:950} INFO - Submitting pyspark_job job submit_dataproc_spark_job_task_20230103_75eeae44
[2023-01-05 03:36:47,531] {dataproc.py:955} INFO - Job submit_dataproc_spark_job_task_20230103_75eeae44 submitted successfully.
[2023-01-05 03:36:47,548] {dataproc.py:962} INFO - Waiting for job submit_dataproc_spark_job_task_20230103_75eeae44 to complete
[2023-01-05 03:37:28,313] {taskinstance.py:1889} ERROR - Task failed with exception
Traceback (most recent call last):
  File "/home/airflow/.local/lib/python3.9/site-packages/airflow/providers/google/cloud/operators/dataproc.py", line 1491, in execute
    super().execute(context)
  File "/home/airflow/.local/lib/python3.9/site-packages/airflow/providers/google/cloud/operators/dataproc.py", line 963, in execute
    self.hook.wait_for_job(job_id=job_id, region=self.region, project_id=self.project_id)
  File "/home/airflow/.local/lib/python3.9/site-packages/airflow/providers/google/common/hooks/base_google.py", line 463, in inner_wrapper
    return func(self, *args, **kwargs)
  File "/home/airflow/.local/lib/python3.9/site-packages/airflow/providers/google/cloud/hooks/dataproc.py", line 696, in wait_for_job
    raise AirflowException(f'Job failed:\n{job}')
airflow.exceptions.AirflowException: Job failed:
reference {
  project_id: "stocks-data-pipeline"
  job_id: "submit_dataproc_spark_job_task_20230103_75eeae44"
}
placement {
  cluster_name: "move-btc-data"
  cluster_uuid: "dd07a4f2-a6a6-405a-b469-86f43389778f"
}
pyspark_job {
  main_python_file_uri: "gs://data_lake_stocks-data-pipeline/Move_Current_BTC_Data_From_GCS_to_BigQuery.py"
  jar_file_uris: "gs://spark-lib/bigquery/spark-bigquery-with-dependencies_2.12-0.27.1.jar"
}
status {
  state: ERROR
  details: "File not found: gs://data_lake_stocks-data-pipeline/Move_Current_BTC_Data_From_GCS_to_BigQuery.py"
  state_start_time {
    seconds: 1672889840
    nanos: 860140000
  }
}
status_history {
  state: PENDING
  state_start_time {
    seconds: 1672889807
    nanos: 506260000
  }
}
status_history {
  state: SETUP_DONE
  state_start_time {
    seconds: 1672889807
    nanos: 542857000
  }
}
status_history {
  state: RUNNING
  state_start_time {
    seconds: 1672889807
    nanos: 897772000
  }
}
driver_control_files_uri: "gs://dataproc-staging-us-central1-230775253-xzsonnys/google-cloud-dataproc-metainfo/dd07a4f2-a6a6-405a-b469-86f43389778f/jobs/submit_dataproc_spark_job_task_20230103_75eeae44/"
driver_output_resource_uri: "gs://dataproc-staging-us-central1-230775253-xzsonnys/google-cloud-dataproc-metainfo/dd07a4f2-a6a6-405a-b469-86f43389778f/jobs/submit_dataproc_spark_job_task_20230103_75eeae44/driveroutput"
labels {
  key: "***-version"
  value: "v2-3-2"
}
job_uuid: "69bbef03-c988-4187-8da2-6a72075a87a2"
done: true

[2023-01-05 03:37:28,318] {taskinstance.py:1395} INFO - Marking task as FAILED. dag_id=btc_data_pipeline_dag, task_id=submit_dataproc_spark_job_task, execution_date=20230103T223000, start_date=20230105T033647, end_date=20230105T033728
[2023-01-05 03:37:28,333] {standard_task_runner.py:92} ERROR - Failed to execute job 51 for task submit_dataproc_spark_job_task (Job failed:
reference {
  project_id: "stocks-data-pipeline"
  job_id: "submit_dataproc_spark_job_task_20230103_75eeae44"
}
placement {
  cluster_name: "move-btc-data"
  cluster_uuid: "dd07a4f2-a6a6-405a-b469-86f43389778f"
}
pyspark_job {
  main_python_file_uri: "gs://data_lake_stocks-data-pipeline/Move_Current_BTC_Data_From_GCS_to_BigQuery.py"
  jar_file_uris: "gs://spark-lib/bigquery/spark-bigquery-with-dependencies_2.12-0.27.1.jar"
}
status {
  state: ERROR
  details: "File not found: gs://data_lake_stocks-data-pipeline/Move_Current_BTC_Data_From_GCS_to_BigQuery.py"
  state_start_time {
    seconds: 1672889840
    nanos: 860140000
  }
}
status_history {
  state: PENDING
  state_start_time {
    seconds: 1672889807
    nanos: 506260000
  }
}
status_history {
  state: SETUP_DONE
  state_start_time {
    seconds: 1672889807
    nanos: 542857000
  }
}
status_history {
  state: RUNNING
  state_start_time {
    seconds: 1672889807
    nanos: 897772000
  }
}
driver_control_files_uri: "gs://dataproc-staging-us-central1-230775253-xzsonnys/google-cloud-dataproc-metainfo/dd07a4f2-a6a6-405a-b469-86f43389778f/jobs/submit_dataproc_spark_job_task_20230103_75eeae44/"
driver_output_resource_uri: "gs://dataproc-staging-us-central1-230775253-xzsonnys/google-cloud-dataproc-metainfo/dd07a4f2-a6a6-405a-b469-86f43389778f/jobs/submit_dataproc_spark_job_task_20230103_75eeae44/driveroutput"
labels {
  key: "***-version"
  value: "v2-3-2"
}
job_uuid: "69bbef03-c988-4187-8da2-6a72075a87a2"
done: true
; 1976)
[2023-01-05 03:37:28,344] {local_task_job.py:156} INFO - Task exited with return code 1
