[2023-01-05 03:39:50,103] {taskinstance.py:1159} INFO - Dependencies all met for <TaskInstance: btc_data_pipeline_dag.download_stock_data_from_datalake_task manual__2023-01-05T03:39:47.967706+00:00 [queued]>
[2023-01-05 03:39:50,113] {taskinstance.py:1159} INFO - Dependencies all met for <TaskInstance: btc_data_pipeline_dag.download_stock_data_from_datalake_task manual__2023-01-05T03:39:47.967706+00:00 [queued]>
[2023-01-05 03:39:50,113] {taskinstance.py:1356} INFO - 
--------------------------------------------------------------------------------
[2023-01-05 03:39:50,113] {taskinstance.py:1357} INFO - Starting attempt 1 of 1
[2023-01-05 03:39:50,113] {taskinstance.py:1358} INFO - 
--------------------------------------------------------------------------------
[2023-01-05 03:39:50,128] {taskinstance.py:1377} INFO - Executing <Task(PythonOperator): download_stock_data_from_datalake_task> on 2023-01-05 03:39:47.967706+00:00
[2023-01-05 03:39:50,136] {standard_task_runner.py:52} INFO - Started process 2122 to run task
[2023-01-05 03:39:50,141] {standard_task_runner.py:79} INFO - Running: ['***', 'tasks', 'run', 'btc_data_pipeline_dag', 'download_stock_data_from_datalake_task', 'manual__2023-01-05T03:39:47.967706+00:00', '--job-id', '53', '--raw', '--subdir', 'DAGS_FOLDER/btc_data_pipeline_dag.py', '--cfg-path', '/tmp/tmpe148guj3', '--error-file', '/tmp/tmpj92bdwki']
[2023-01-05 03:39:50,143] {standard_task_runner.py:80} INFO - Job 53: Subtask download_stock_data_from_datalake_task
[2023-01-05 03:39:50,215] {task_command.py:370} INFO - Running <TaskInstance: btc_data_pipeline_dag.download_stock_data_from_datalake_task manual__2023-01-05T03:39:47.967706+00:00 [running]> on host 94450fd8b415
[2023-01-05 03:39:50,291] {taskinstance.py:1569} INFO - Exporting the following env vars:
AIRFLOW_CTX_DAG_OWNER=***
AIRFLOW_CTX_DAG_ID=btc_data_pipeline_dag
AIRFLOW_CTX_TASK_ID=download_stock_data_from_datalake_task
AIRFLOW_CTX_EXECUTION_DATE=2023-01-05T03:39:47.967706+00:00
AIRFLOW_CTX_TRY_NUMBER=1
AIRFLOW_CTX_DAG_RUN_ID=manual__2023-01-05T03:39:47.967706+00:00
[2023-01-05 03:39:51,476] {python.py:173} INFO - Done. Returned value was: None
[2023-01-05 03:39:51,500] {taskinstance.py:1395} INFO - Marking task as SUCCESS. dag_id=btc_data_pipeline_dag, task_id=download_stock_data_from_datalake_task, execution_date=20230105T033947, start_date=20230105T033950, end_date=20230105T033951
[2023-01-05 03:39:51,558] {local_task_job.py:156} INFO - Task exited with return code 0
