[2023-01-06 23:15:01,668] {taskinstance.py:1159} INFO - Dependencies all met for <TaskInstance: stock_data_pipeline_dag.upload_SP_500_data_to_datalake_task scheduled__2023-01-05T23:15:00+00:00 [queued]>
[2023-01-06 23:15:01,676] {taskinstance.py:1159} INFO - Dependencies all met for <TaskInstance: stock_data_pipeline_dag.upload_SP_500_data_to_datalake_task scheduled__2023-01-05T23:15:00+00:00 [queued]>
[2023-01-06 23:15:01,676] {taskinstance.py:1356} INFO - 
--------------------------------------------------------------------------------
[2023-01-06 23:15:01,676] {taskinstance.py:1357} INFO - Starting attempt 1 of 1
[2023-01-06 23:15:01,676] {taskinstance.py:1358} INFO - 
--------------------------------------------------------------------------------
[2023-01-06 23:15:01,689] {taskinstance.py:1377} INFO - Executing <Task(PythonOperator): upload_SP_500_data_to_datalake_task> on 2023-01-05 23:15:00+00:00
[2023-01-06 23:15:01,696] {standard_task_runner.py:52} INFO - Started process 3932 to run task
[2023-01-06 23:15:01,701] {standard_task_runner.py:79} INFO - Running: ['***', 'tasks', 'run', 'stock_data_pipeline_dag', 'upload_SP_500_data_to_datalake_task', 'scheduled__2023-01-05T23:15:00+00:00', '--job-id', '86', '--raw', '--subdir', 'DAGS_FOLDER/stock_data_pipeline_dag.py', '--cfg-path', '/tmp/tmpsylcd7du', '--error-file', '/tmp/tmpvg7py7_c']
[2023-01-06 23:15:01,703] {standard_task_runner.py:80} INFO - Job 86: Subtask upload_SP_500_data_to_datalake_task
[2023-01-06 23:15:01,768] {task_command.py:370} INFO - Running <TaskInstance: stock_data_pipeline_dag.upload_SP_500_data_to_datalake_task scheduled__2023-01-05T23:15:00+00:00 [running]> on host 60ad85e83037
[2023-01-06 23:15:01,835] {taskinstance.py:1569} INFO - Exporting the following env vars:
AIRFLOW_CTX_DAG_OWNER=***
AIRFLOW_CTX_DAG_ID=stock_data_pipeline_dag
AIRFLOW_CTX_TASK_ID=upload_SP_500_data_to_datalake_task
AIRFLOW_CTX_EXECUTION_DATE=2023-01-05T23:15:00+00:00
AIRFLOW_CTX_TRY_NUMBER=1
AIRFLOW_CTX_DAG_RUN_ID=scheduled__2023-01-05T23:15:00+00:00
[2023-01-06 23:31:56,816] {python.py:173} INFO - Done. Returned value was: None
[2023-01-06 23:31:56,832] {taskinstance.py:1395} INFO - Marking task as SUCCESS. dag_id=stock_data_pipeline_dag, task_id=upload_SP_500_data_to_datalake_task, execution_date=20230105T231500, start_date=20230106T231501, end_date=20230106T233156
[2023-01-06 23:31:56,877] {local_task_job.py:156} INFO - Task exited with return code 0
