[2023-01-07 23:11:52,348] {taskinstance.py:1159} INFO - Dependencies all met for <TaskInstance: btc_data_pipeline_dag.create_cluster_dataproc_task manual__2023-01-07T23:11:48.162146+00:00 [queued]>
[2023-01-07 23:11:52,357] {taskinstance.py:1159} INFO - Dependencies all met for <TaskInstance: btc_data_pipeline_dag.create_cluster_dataproc_task manual__2023-01-07T23:11:48.162146+00:00 [queued]>
[2023-01-07 23:11:52,357] {taskinstance.py:1356} INFO - 
--------------------------------------------------------------------------------
[2023-01-07 23:11:52,357] {taskinstance.py:1357} INFO - Starting attempt 1 of 1
[2023-01-07 23:11:52,357] {taskinstance.py:1358} INFO - 
--------------------------------------------------------------------------------
[2023-01-07 23:11:52,370] {taskinstance.py:1377} INFO - Executing <Task(DataprocCreateClusterOperator): create_cluster_dataproc_task> on 2023-01-07 23:11:48.162146+00:00
[2023-01-07 23:11:52,377] {standard_task_runner.py:52} INFO - Started process 3711 to run task
[2023-01-07 23:11:52,382] {standard_task_runner.py:79} INFO - Running: ['***', 'tasks', 'run', 'btc_data_pipeline_dag', 'create_cluster_dataproc_task', 'manual__2023-01-07T23:11:48.162146+00:00', '--job-id', '115', '--raw', '--subdir', 'DAGS_FOLDER/btc_data_pipeline_dag.py', '--cfg-path', '/tmp/tmpbk407qb0', '--error-file', '/tmp/tmp9isevcum']
[2023-01-07 23:11:52,383] {standard_task_runner.py:80} INFO - Job 115: Subtask create_cluster_dataproc_task
[2023-01-07 23:11:52,445] {task_command.py:370} INFO - Running <TaskInstance: btc_data_pipeline_dag.create_cluster_dataproc_task manual__2023-01-07T23:11:48.162146+00:00 [running]> on host 48dd7f56541e
[2023-01-07 23:11:52,521] {taskinstance.py:1569} INFO - Exporting the following env vars:
AIRFLOW_CTX_DAG_OWNER=***
AIRFLOW_CTX_DAG_ID=btc_data_pipeline_dag
AIRFLOW_CTX_TASK_ID=create_cluster_dataproc_task
AIRFLOW_CTX_EXECUTION_DATE=2023-01-07T23:11:48.162146+00:00
AIRFLOW_CTX_TRY_NUMBER=1
AIRFLOW_CTX_DAG_RUN_ID=manual__2023-01-07T23:11:48.162146+00:00
[2023-01-07 23:11:52,522] {dataproc.py:590} INFO - Creating cluster: move-btc-data
[2023-01-07 23:11:52,523] {base.py:68} INFO - Using connection ID 'google_cloud_default' for task execution.
[2023-01-07 23:15:04,742] {dataproc.py:534} INFO - Cluster created.
[2023-01-07 23:15:04,775] {taskinstance.py:1395} INFO - Marking task as SUCCESS. dag_id=btc_data_pipeline_dag, task_id=create_cluster_dataproc_task, execution_date=20230107T231148, start_date=20230107T231152, end_date=20230107T231504
[2023-01-07 23:15:04,810] {local_task_job.py:156} INFO - Task exited with return code 0
