[2023-01-06 01:21:31,075] {taskinstance.py:1159} INFO - Dependencies all met for <TaskInstance: stock_data_pipeline_dag.upload_SP_500_data_to_datalake_task manual__2023-01-06T01:21:29.019918+00:00 [queued]>
[2023-01-06 01:21:31,084] {taskinstance.py:1159} INFO - Dependencies all met for <TaskInstance: stock_data_pipeline_dag.upload_SP_500_data_to_datalake_task manual__2023-01-06T01:21:29.019918+00:00 [queued]>
[2023-01-06 01:21:31,084] {taskinstance.py:1356} INFO - 
--------------------------------------------------------------------------------
[2023-01-06 01:21:31,085] {taskinstance.py:1357} INFO - Starting attempt 1 of 1
[2023-01-06 01:21:31,085] {taskinstance.py:1358} INFO - 
--------------------------------------------------------------------------------
[2023-01-06 01:21:31,098] {taskinstance.py:1377} INFO - Executing <Task(PythonOperator): upload_SP_500_data_to_datalake_task> on 2023-01-06 01:21:29.019918+00:00
[2023-01-06 01:21:31,106] {standard_task_runner.py:52} INFO - Started process 8484 to run task
[2023-01-06 01:21:31,113] {standard_task_runner.py:79} INFO - Running: ['***', 'tasks', 'run', 'stock_data_pipeline_dag', 'upload_SP_500_data_to_datalake_task', 'manual__2023-01-06T01:21:29.019918+00:00', '--job-id', '76', '--raw', '--subdir', 'DAGS_FOLDER/stock_data_pipeline_dag.py', '--cfg-path', '/tmp/tmp5jn36t2q', '--error-file', '/tmp/tmppve5agr6']
[2023-01-06 01:21:31,114] {standard_task_runner.py:80} INFO - Job 76: Subtask upload_SP_500_data_to_datalake_task
[2023-01-06 01:21:31,179] {task_command.py:370} INFO - Running <TaskInstance: stock_data_pipeline_dag.upload_SP_500_data_to_datalake_task manual__2023-01-06T01:21:29.019918+00:00 [running]> on host 7aa3417b2d87
[2023-01-06 01:21:31,256] {taskinstance.py:1569} INFO - Exporting the following env vars:
AIRFLOW_CTX_DAG_OWNER=***
AIRFLOW_CTX_DAG_ID=stock_data_pipeline_dag
AIRFLOW_CTX_TASK_ID=upload_SP_500_data_to_datalake_task
AIRFLOW_CTX_EXECUTION_DATE=2023-01-06T01:21:29.019918+00:00
AIRFLOW_CTX_TRY_NUMBER=1
AIRFLOW_CTX_DAG_RUN_ID=manual__2023-01-06T01:21:29.019918+00:00
[2023-01-06 01:37:11,232] {python.py:173} INFO - Done. Returned value was: None
[2023-01-06 01:37:11,247] {taskinstance.py:1395} INFO - Marking task as SUCCESS. dag_id=stock_data_pipeline_dag, task_id=upload_SP_500_data_to_datalake_task, execution_date=20230106T012129, start_date=20230106T012131, end_date=20230106T013711
[2023-01-06 01:37:11,287] {local_task_job.py:156} INFO - Task exited with return code 0
