[2023-01-05 02:57:40,307] {taskinstance.py:1159} INFO - Dependencies all met for <TaskInstance: btc_data_pipeline_dag.download_stock_data_from_datalake_task manual__2023-01-05T02:57:38.278990+00:00 [queued]>
[2023-01-05 02:57:40,317] {taskinstance.py:1159} INFO - Dependencies all met for <TaskInstance: btc_data_pipeline_dag.download_stock_data_from_datalake_task manual__2023-01-05T02:57:38.278990+00:00 [queued]>
[2023-01-05 02:57:40,317] {taskinstance.py:1356} INFO - 
--------------------------------------------------------------------------------
[2023-01-05 02:57:40,317] {taskinstance.py:1357} INFO - Starting attempt 1 of 1
[2023-01-05 02:57:40,317] {taskinstance.py:1358} INFO - 
--------------------------------------------------------------------------------
[2023-01-05 02:57:40,332] {taskinstance.py:1377} INFO - Executing <Task(PythonOperator): download_stock_data_from_datalake_task> on 2023-01-05 02:57:38.278990+00:00
[2023-01-05 02:57:40,340] {standard_task_runner.py:52} INFO - Started process 288 to run task
[2023-01-05 02:57:40,346] {standard_task_runner.py:79} INFO - Running: ['***', 'tasks', 'run', 'btc_data_pipeline_dag', 'download_stock_data_from_datalake_task', 'manual__2023-01-05T02:57:38.278990+00:00', '--job-id', '45', '--raw', '--subdir', 'DAGS_FOLDER/btc_data_pipeline_dag.py', '--cfg-path', '/tmp/tmpd7fz8up9', '--error-file', '/tmp/tmps6pkg1zc']
[2023-01-05 02:57:40,348] {standard_task_runner.py:80} INFO - Job 45: Subtask download_stock_data_from_datalake_task
[2023-01-05 02:57:40,439] {task_command.py:370} INFO - Running <TaskInstance: btc_data_pipeline_dag.download_stock_data_from_datalake_task manual__2023-01-05T02:57:38.278990+00:00 [running]> on host 94450fd8b415
[2023-01-05 02:57:40,579] {taskinstance.py:1569} INFO - Exporting the following env vars:
AIRFLOW_CTX_DAG_OWNER=***
AIRFLOW_CTX_DAG_ID=btc_data_pipeline_dag
AIRFLOW_CTX_TASK_ID=download_stock_data_from_datalake_task
AIRFLOW_CTX_EXECUTION_DATE=2023-01-05T02:57:38.278990+00:00
AIRFLOW_CTX_TRY_NUMBER=1
AIRFLOW_CTX_DAG_RUN_ID=manual__2023-01-05T02:57:38.278990+00:00
[2023-01-05 02:57:41,871] {python.py:173} INFO - Done. Returned value was: None
[2023-01-05 02:57:41,896] {taskinstance.py:1395} INFO - Marking task as SUCCESS. dag_id=btc_data_pipeline_dag, task_id=download_stock_data_from_datalake_task, execution_date=20230105T025738, start_date=20230105T025740, end_date=20230105T025741
[2023-01-05 02:57:41,929] {local_task_job.py:156} INFO - Task exited with return code 0
