[2023-01-06 01:39:56,346] {taskinstance.py:1159} INFO - Dependencies all met for <TaskInstance: stock_data_pipeline_dag.submit_dataproc_spark_job_task manual__2023-01-06T01:21:29.019918+00:00 [queued]>
[2023-01-06 01:39:56,356] {taskinstance.py:1159} INFO - Dependencies all met for <TaskInstance: stock_data_pipeline_dag.submit_dataproc_spark_job_task manual__2023-01-06T01:21:29.019918+00:00 [queued]>
[2023-01-06 01:39:56,356] {taskinstance.py:1356} INFO - 
--------------------------------------------------------------------------------
[2023-01-06 01:39:56,356] {taskinstance.py:1357} INFO - Starting attempt 1 of 1
[2023-01-06 01:39:56,356] {taskinstance.py:1358} INFO - 
--------------------------------------------------------------------------------
[2023-01-06 01:39:56,368] {taskinstance.py:1377} INFO - Executing <Task(DataprocSubmitPySparkJobOperator): submit_dataproc_spark_job_task> on 2023-01-06 01:21:29.019918+00:00
[2023-01-06 01:39:56,376] {standard_task_runner.py:52} INFO - Started process 9162 to run task
[2023-01-06 01:39:56,382] {standard_task_runner.py:79} INFO - Running: ['***', 'tasks', 'run', 'stock_data_pipeline_dag', 'submit_dataproc_spark_job_task', 'manual__2023-01-06T01:21:29.019918+00:00', '--job-id', '78', '--raw', '--subdir', 'DAGS_FOLDER/stock_data_pipeline_dag.py', '--cfg-path', '/tmp/tmp6cwwxgax', '--error-file', '/tmp/tmpdn7f6hg1']
[2023-01-06 01:39:56,383] {standard_task_runner.py:80} INFO - Job 78: Subtask submit_dataproc_spark_job_task
[2023-01-06 01:39:56,449] {task_command.py:370} INFO - Running <TaskInstance: stock_data_pipeline_dag.submit_dataproc_spark_job_task manual__2023-01-06T01:21:29.019918+00:00 [running]> on host 7aa3417b2d87
[2023-01-06 01:39:56,527] {taskinstance.py:1569} INFO - Exporting the following env vars:
AIRFLOW_CTX_DAG_OWNER=***
AIRFLOW_CTX_DAG_ID=stock_data_pipeline_dag
AIRFLOW_CTX_TASK_ID=submit_dataproc_spark_job_task
AIRFLOW_CTX_EXECUTION_DATE=2023-01-06T01:21:29.019918+00:00
AIRFLOW_CTX_TRY_NUMBER=1
AIRFLOW_CTX_DAG_RUN_ID=manual__2023-01-06T01:21:29.019918+00:00
[2023-01-06 01:39:56,528] {dataproc.py:950} INFO - Submitting pyspark_job job submit_dataproc_spark_job_task_20230106_2a5e2fc9
[2023-01-06 01:39:56,786] {dataproc.py:955} INFO - Job submit_dataproc_spark_job_task_20230106_2a5e2fc9 submitted successfully.
[2023-01-06 01:39:56,803] {dataproc.py:962} INFO - Waiting for job submit_dataproc_spark_job_task_20230106_2a5e2fc9 to complete
[2023-01-06 02:17:34,565] {dataproc.py:964} INFO - Job submit_dataproc_spark_job_task_20230106_2a5e2fc9 completed successfully.
[2023-01-06 02:17:34,587] {taskinstance.py:1395} INFO - Marking task as SUCCESS. dag_id=stock_data_pipeline_dag, task_id=submit_dataproc_spark_job_task, execution_date=20230106T012129, start_date=20230106T013956, end_date=20230106T021734
[2023-01-06 02:17:34,624] {local_task_job.py:156} INFO - Task exited with return code 0
