[2023-01-05 00:00:49,703] {taskinstance.py:1159} INFO - Dependencies all met for <TaskInstance: stock_data_pipeline_dag.download_stock_data_from_datalake_task scheduled__2023-01-04T00:00:00+00:00 [queued]>
[2023-01-05 00:00:49,711] {taskinstance.py:1159} INFO - Dependencies all met for <TaskInstance: stock_data_pipeline_dag.download_stock_data_from_datalake_task scheduled__2023-01-04T00:00:00+00:00 [queued]>
[2023-01-05 00:00:49,711] {taskinstance.py:1356} INFO - 
--------------------------------------------------------------------------------
[2023-01-05 00:00:49,711] {taskinstance.py:1357} INFO - Starting attempt 1 of 1
[2023-01-05 00:00:49,711] {taskinstance.py:1358} INFO - 
--------------------------------------------------------------------------------
[2023-01-05 00:00:49,724] {taskinstance.py:1377} INFO - Executing <Task(PythonOperator): download_stock_data_from_datalake_task> on 2023-01-04 00:00:00+00:00
[2023-01-05 00:00:49,733] {standard_task_runner.py:52} INFO - Started process 1143 to run task
[2023-01-05 00:00:49,737] {standard_task_runner.py:79} INFO - Running: ['***', 'tasks', 'run', 'stock_data_pipeline_dag', 'download_stock_data_from_datalake_task', 'scheduled__2023-01-04T00:00:00+00:00', '--job-id', '36', '--raw', '--subdir', 'DAGS_FOLDER/stock_data_pipeline_dag.py', '--cfg-path', '/tmp/tmpprgv_i5m', '--error-file', '/tmp/tmpsu_513yn']
[2023-01-05 00:00:49,738] {standard_task_runner.py:80} INFO - Job 36: Subtask download_stock_data_from_datalake_task
[2023-01-05 00:00:49,796] {task_command.py:370} INFO - Running <TaskInstance: stock_data_pipeline_dag.download_stock_data_from_datalake_task scheduled__2023-01-04T00:00:00+00:00 [running]> on host 2302f2c95f83
[2023-01-05 00:00:49,860] {taskinstance.py:1569} INFO - Exporting the following env vars:
AIRFLOW_CTX_DAG_OWNER=***
AIRFLOW_CTX_DAG_ID=stock_data_pipeline_dag
AIRFLOW_CTX_TASK_ID=download_stock_data_from_datalake_task
AIRFLOW_CTX_EXECUTION_DATE=2023-01-04T00:00:00+00:00
AIRFLOW_CTX_TRY_NUMBER=1
AIRFLOW_CTX_DAG_RUN_ID=scheduled__2023-01-04T00:00:00+00:00
[2023-01-05 00:11:13,555] {python.py:173} INFO - Done. Returned value was: None
[2023-01-05 00:11:13,571] {taskinstance.py:1395} INFO - Marking task as SUCCESS. dag_id=stock_data_pipeline_dag, task_id=download_stock_data_from_datalake_task, execution_date=20230104T000000, start_date=20230105T000049, end_date=20230105T001113
[2023-01-05 00:11:13,638] {local_task_job.py:156} INFO - Task exited with return code 0
