[2023-01-06 22:55:03,043] {taskinstance.py:1159} INFO - Dependencies all met for <TaskInstance: btc_data_pipeline_dag.upload_BTC_data_to_datalake_task scheduled__2023-01-05T22:55:00+00:00 [queued]>
[2023-01-06 22:55:03,052] {taskinstance.py:1159} INFO - Dependencies all met for <TaskInstance: btc_data_pipeline_dag.upload_BTC_data_to_datalake_task scheduled__2023-01-05T22:55:00+00:00 [queued]>
[2023-01-06 22:55:03,052] {taskinstance.py:1356} INFO - 
--------------------------------------------------------------------------------
[2023-01-06 22:55:03,052] {taskinstance.py:1357} INFO - Starting attempt 1 of 1
[2023-01-06 22:55:03,052] {taskinstance.py:1358} INFO - 
--------------------------------------------------------------------------------
[2023-01-06 22:55:03,064] {taskinstance.py:1377} INFO - Executing <Task(PythonOperator): upload_BTC_data_to_datalake_task> on 2023-01-05 22:55:00+00:00
[2023-01-06 22:55:03,070] {standard_task_runner.py:52} INFO - Started process 3132 to run task
[2023-01-06 22:55:03,076] {standard_task_runner.py:79} INFO - Running: ['***', 'tasks', 'run', 'btc_data_pipeline_dag', 'upload_BTC_data_to_datalake_task', 'scheduled__2023-01-05T22:55:00+00:00', '--job-id', '82', '--raw', '--subdir', 'DAGS_FOLDER/btc_data_pipeline_dag.py', '--cfg-path', '/tmp/tmp5r42upzw', '--error-file', '/tmp/tmpz1k3ce43']
[2023-01-06 22:55:03,078] {standard_task_runner.py:80} INFO - Job 82: Subtask upload_BTC_data_to_datalake_task
[2023-01-06 22:55:03,141] {task_command.py:370} INFO - Running <TaskInstance: btc_data_pipeline_dag.upload_BTC_data_to_datalake_task scheduled__2023-01-05T22:55:00+00:00 [running]> on host 60ad85e83037
[2023-01-06 22:55:03,210] {taskinstance.py:1569} INFO - Exporting the following env vars:
AIRFLOW_CTX_DAG_OWNER=***
AIRFLOW_CTX_DAG_ID=btc_data_pipeline_dag
AIRFLOW_CTX_TASK_ID=upload_BTC_data_to_datalake_task
AIRFLOW_CTX_EXECUTION_DATE=2023-01-05T22:55:00+00:00
AIRFLOW_CTX_TRY_NUMBER=1
AIRFLOW_CTX_DAG_RUN_ID=scheduled__2023-01-05T22:55:00+00:00
[2023-01-06 22:55:04,538] {python.py:173} INFO - Done. Returned value was: None
[2023-01-06 22:55:04,555] {taskinstance.py:1395} INFO - Marking task as SUCCESS. dag_id=btc_data_pipeline_dag, task_id=upload_BTC_data_to_datalake_task, execution_date=20230105T225500, start_date=20230106T225503, end_date=20230106T225504
[2023-01-06 22:55:04,613] {local_task_job.py:156} INFO - Task exited with return code 0
